14210     	           1.03MB
6596      	           1.10MB
14422     	           1.13MB
6593      	           1.14MB
6597      	           1.14MB
6600      	           1.14MB
6595      	           1.14MB
6598      	           1.14MB
6601      	           1.14MB
6599      	           1.15MB
6603      	           1.15MB
6602      	           1.16MB
14034     	           1.17MB
6609      	           1.19MB
12724     	           1.23MB
14597     	           1.24MB
6610      	           1.25MB
6604      	           1.29MB
6607      	           1.29MB
6608      	           1.29MB
6611      	           1.29MB
6613      	           1.30MB
6605      	           1.33MB
6606      	           1.33MB
6612      	           1.39MB
14520     	           1.59MB
14152     	           1.61MB
14205     	           1.64MB
14230     	           1.79MB
10141     	           2.21MB
1961      	           2.26MB
14467     	           2.26MB
14271     	           2.27MB
14207     	           2.28MB
13750     	           2.43MB
14188     	           2.53MB
14423     	           2.62MB
14274     	           2.64MB
14516     	           2.70MB
26592     	           2.70MB
14202     	           2.89MB
2592      	           3.14MB
2593      	           3.18MB
2594      	           3.18MB
16949     	           3.29MB
14518     	           3.41MB
14197     	           3.62MB
14273     	           3.82MB
14514     	           4.08MB
30721     	           4.17MB
14463     	           4.33MB
14187     	           4.46MB
21102     	           4.64MB
14251     	           5.40MB
20051     	           5.71MB
12155     	           5.96MB
15574     	           6.11MB
333       	           6.12MB
14200     	           6.32MB
14151     	           6.70MB
26782     	           9.06MB
26777     	           9.15MB
26758     	           9.22MB
23240     	          11.82MB
14595     	          13.40MB
28524     	          14.41MB
3798      	          17.01MB
14438     	          17.20MB
4550      	          18.48MB
3603      	          19.86MB
3604      	          19.86MB
3605      	          19.86MB
3606      	          19.86MB
3608      	          19.86MB
3609      	          19.86MB
3610      	          19.86MB
3602      	          19.91MB
5059      	          25.17MB
13935     	          29.35MB
2890      	          48.22MB
26192     	          67.43MB
15401     	         198.84MB
12495     	         236.32MB
3499-10	     1794676.00GB
14210     	           1.03MB
6596      	           1.10MB
14422     	           1.13MB
6593      	           1.14MB
6597      	           1.14MB
6600      	           1.14MB
6595      	           1.14MB
6598      	           1.14MB
6601      	           1.14MB
6599      	           1.15MB
6603      	           1.15MB
6602      	           1.16MB
14034     	           1.17MB
6609      	           1.19MB
12724     	           1.23MB
14597     	           1.24MB
6610      	           1.25MB
6604      	           1.29MB
6607      	           1.29MB
6608      	           1.29MB
6611      	           1.29MB
6613      	           1.30MB
6605      	           1.33MB
6606      	           1.33MB
6612      	           1.39MB
14520     	           1.59MB
14152     	           1.61MB
14205     	           1.64MB
14230     	           1.79MB
10141     	           2.21MB
1961      	           2.26MB
14467     	           2.26MB
14271     	           2.27MB
14207     	           2.28MB
13750     	           2.43MB
14188     	           2.53MB
14423     	           2.62MB
14274     	           2.64MB
14516     	           2.70MB
26592     	           2.70MB
14202     	           2.89MB
2592      	           3.14MB
2593      	           3.18MB
2594      	           3.18MB
16949     	           3.28MB
14518     	           3.41MB
14197     	           3.62MB
14273     	           3.82MB
14514     	           4.08MB
30721     	           4.17MB
14463     	           4.33MB
14187     	           4.46MB
21102     	           4.64MB
14251     	           5.40MB
20051     	           5.71MB
12155     	           5.96MB
15574     	           6.11MB
333       	           6.12MB
14200     	           6.32MB
14151     	           6.70MB
17547     	           9.06MB
17425     	           9.15MB
23240     	          11.82MB
14595     	          13.40MB
28524     	          14.41MB
3798      	          17.01MB
14438     	          17.20MB
4550      	          18.48MB
3603      	          19.86MB
3604      	          19.86MB
3605      	          19.86MB
3606      	          19.86MB
3608      	          19.86MB
3609      	          19.86MB
3610      	          19.86MB
3602      	          19.91MB
5059      	          25.17MB
13935     	          29.35MB
2890      	          48.22MB
26192     	          67.43MB
15401     	         198.84MB
12495     	         236.32MB
3499-10	           1.71GB
